<?xml version="1.0" encoding="UTF-8"?>
<!-- Generated by org.testng.reporters.JUnitXMLReporter -->
<testsuite hostname="DESKTOP-1CT865P" ignored="0" name="ChromeTest2" tests="6" failures="6" timestamp="2020-07-04T18:41:34 IST" time="0.865" errors="0">
  <testcase name="getBuses1" time="0.047" classname="com.project_Redbus.testcases.TC_SearchBus_Grid">
    <failure type="java.lang.NullPointerException">
      <![CDATA[java.lang.NullPointerException
at com.project_Redbus.testcases.TC_SearchBus_Grid.getBuses1(TC_SearchBus_Grid.java:50)
]]>
    </failure>
  </testcase> <!-- getBuses1 -->
  <testcase name="getBuses1" time="0.047" classname="com.project_Redbus.testcases.TC_SearchBus_Grid">
    <failure type="java.lang.NullPointerException">
      <![CDATA[java.lang.NullPointerException
at com.project_Redbus.testcases.TC_SearchBus_Grid.getBuses1(TC_SearchBus_Grid.java:50)
]]>
    </failure>
  </testcase> <!-- getBuses1 -->
  <testcase name="getBuses1" time="0.047" classname="com.project_Redbus.testcases.TC_SearchBus_Grid">
    <failure type="java.lang.NullPointerException">
      <![CDATA[java.lang.NullPointerException
at com.project_Redbus.testcases.TC_SearchBus_Grid.getBuses1(TC_SearchBus_Grid.java:50)
]]>
    </failure>
  </testcase> <!-- getBuses1 -->
  <testcase name="getBuses1" time="0.016" classname="com.project_Redbus.testcases.TC_SearchBus_Grid">
    <failure type="java.lang.NullPointerException">
      <![CDATA[java.lang.NullPointerException
at com.project_Redbus.testcases.TC_SearchBus_Grid.getBuses1(TC_SearchBus_Grid.java:50)
]]>
    </failure>
  </testcase> <!-- getBuses1 -->
  <testcase name="getBuses1" time="0.016" classname="com.project_Redbus.testcases.TC_SearchBus_Grid">
    <failure type="java.lang.NullPointerException">
      <![CDATA[java.lang.NullPointerException
at com.project_Redbus.testcases.TC_SearchBus_Grid.getBuses1(TC_SearchBus_Grid.java:50)
]]>
    </failure>
  </testcase> <!-- getBuses1 -->
  <testcase name="getBuses1" time="0.0" classname="com.project_Redbus.testcases.TC_SearchBus_Grid">
    <failure type="java.lang.NullPointerException">
      <![CDATA[java.lang.NullPointerException
at com.project_Redbus.testcases.TC_SearchBus_Grid.getBuses1(TC_SearchBus_Grid.java:50)
]]>
    </failure>
  </testcase> <!-- getBuses1 -->
</testsuite> <!-- ChromeTest2 -->
