<?xml version="1.0" encoding="UTF-8"?>
<!-- Generated by org.testng.reporters.JUnitXMLReporter -->
<testsuite hostname="DESKTOP-1CT865P" ignored="0" name="Default test" tests="4" failures="0" timestamp="16 Jun 2020 10:00:17 GMT" time="53.833" errors="0">
  <testcase name="EnterCalorieDetails" time="7.06" classname="com.project.testcases.CalorieCalculatorEmbeddedTC"/>
  <testcase name="EnterCalorieDetails" time="6.551" classname="com.project.testcases.CalorieCalculatorEmbeddedTC"/>
  <testcase name="EnterCalorieDetails" time="5.767" classname="com.project.testcases.CalorieCalculatorEmbeddedTC"/>
  <testcase name="EnterCalorieDetails" time="6.24" classname="com.project.testcases.CalorieCalculatorEmbeddedTC"/>
</testsuite> <!-- Default test -->
