<?xml version="1.0" encoding="UTF-8"?>
<testng-results skipped="0" failed="0" ignored="0" total="2" passed="2">
  <reporter-output>
  </reporter-output>
  <suite name="Suite" duration-ms="106005" started-at="2020-07-04T19:05:38 IST" finished-at="2020-07-04T19:07:24 IST">
    <groups>
    </groups>
    <test name="Test1" duration-ms="106005" started-at="2020-07-04T19:05:38 IST" finished-at="2020-07-04T19:07:24 IST">
      <class name="com.project_Redbus.testcases.TC_SearchBus">
        <test-method status="PASS" signature="startReport()[pri:0, instance:com.project_Redbus.testcases.TC_SearchBus@4b553d26]" name="startReport" is-config="true" duration-ms="321" started-at="2020-07-04T19:05:38 IST" finished-at="2020-07-04T19:05:38 IST">
          <reporter-output>
          </reporter-output>
        </test-method> <!-- startReport -->
        <test-method status="PASS" signature="launchBrowser()[pri:0, instance:com.project_Redbus.testcases.TC_SearchBus@4b553d26]" name="launchBrowser" is-config="true" duration-ms="5660" started-at="2020-07-04T19:05:39 IST" finished-at="2020-07-04T19:05:44 IST">
          <reporter-output>
          </reporter-output>
        </test-method> <!-- launchBrowser -->
        <test-method status="PASS" signature="getBuses1(java.util.Hashtable)[pri:0, instance:com.project_Redbus.testcases.TC_SearchBus@4b553d26]" name="getBuses1" duration-ms="51286" started-at="2020-07-04T19:05:44 IST" data-provider="JourneyData" finished-at="2020-07-04T19:06:36 IST">
          <params>
            <param index="0">
              <value>
                <![CDATA[{rDate=6 July 2020, browser=chrome, toS=ujj, fromS=ind, rTo=Ujjain, rFrom=Vijay Nagar, Indore}]]>
              </value>
            </param>
          </params>
          <reporter-output>
          </reporter-output>
        </test-method> <!-- getBuses1 -->
        <test-method status="PASS" signature="CloseBrowser(org.testng.ITestResult)[pri:0, instance:com.project_Redbus.testcases.TC_SearchBus@4b553d26]" name="CloseBrowser" is-config="true" duration-ms="5849" started-at="2020-07-04T19:06:36 IST" finished-at="2020-07-04T19:06:42 IST">
          <params>
            <param index="0">
              <value>
                <![CDATA[[TestResult name=getBuses1 status=SUCCESS method=TC_SearchBus.getBuses1(java.util.Hashtable)[pri:0, instance:com.project_Redbus.testcases.TC_SearchBus@4b553d26] output={null}]]]>
              </value>
            </param>
          </params>
          <reporter-output>
          </reporter-output>
        </test-method> <!-- CloseBrowser -->
        <test-method status="PASS" signature="launchBrowser()[pri:0, instance:com.project_Redbus.testcases.TC_SearchBus@4b553d26]" name="launchBrowser" is-config="true" duration-ms="4419" started-at="2020-07-04T19:06:42 IST" finished-at="2020-07-04T19:06:46 IST">
          <reporter-output>
          </reporter-output>
        </test-method> <!-- launchBrowser -->
        <test-method status="PASS" signature="getBuses1(java.util.Hashtable)[pri:0, instance:com.project_Redbus.testcases.TC_SearchBus@4b553d26]" name="getBuses1" duration-ms="31312" started-at="2020-07-04T19:06:46 IST" data-provider="JourneyData" finished-at="2020-07-04T19:07:17 IST">
          <params>
            <param index="0">
              <value>
                <![CDATA[{rDate=3 Aug 2020, browser=firefox, toS=pra, fromS=var, rTo=Prayagraj, rFrom=Varanasi}]]>
              </value>
            </param>
          </params>
          <reporter-output>
          </reporter-output>
        </test-method> <!-- getBuses1 -->
        <test-method status="PASS" signature="CloseBrowser(org.testng.ITestResult)[pri:0, instance:com.project_Redbus.testcases.TC_SearchBus@4b553d26]" name="CloseBrowser" is-config="true" duration-ms="6196" started-at="2020-07-04T19:07:17 IST" finished-at="2020-07-04T19:07:24 IST">
          <params>
            <param index="0">
              <value>
                <![CDATA[[TestResult name=getBuses1 status=SUCCESS method=TC_SearchBus.getBuses1(java.util.Hashtable)[pri:0, instance:com.project_Redbus.testcases.TC_SearchBus@4b553d26] output={null}]]]>
              </value>
            </param>
          </params>
          <reporter-output>
          </reporter-output>
        </test-method> <!-- CloseBrowser -->
        <test-method status="PASS" signature="stopTest()[pri:0, instance:com.project_Redbus.testcases.TC_SearchBus@4b553d26]" name="stopTest" is-config="true" duration-ms="419" started-at="2020-07-04T19:07:24 IST" finished-at="2020-07-04T19:07:24 IST">
          <reporter-output>
          </reporter-output>
        </test-method> <!-- stopTest -->
      </class> <!-- com.project_Redbus.testcases.TC_SearchBus -->
    </test> <!-- Test1 -->
  </suite> <!-- Suite -->
</testng-results>
