<?xml version="1.0" encoding="UTF-8"?>
<!-- Generated by org.testng.reporters.JUnitXMLReporter -->
<testsuite hostname="DESKTOP-1CT865P" ignored="2" name="Test2" tests="2" failures="0" timestamp="12 Jun 2020 09:59:01 GMT" time="0.035" errors="0">
  <testcase name="testLinuxToo" time="0.005" classname="com.annotations.GroupsOfGroups"/>
  <testcase name="testWindowsOnly" time="0.009" classname="com.annotations.GroupsOfGroups"/>
  <testcase name="testLinuxOnly" time="0.0" classname="com.annotations.GroupsOfGroups">
    <ignored/>
  </testcase> <!-- testLinuxOnly -->
  <testcase name="testWindowsToo" time="0.0" classname="com.annotations.GroupsOfGroups">
    <ignored/>
  </testcase> <!-- testWindowsToo -->
</testsuite> <!-- Test2 -->
