<?xml version="1.0" encoding="UTF-8"?>
<!-- Generated by org.testng.reporters.JUnitXMLReporter -->
<testsuite hostname="DESKTOP-1CT865P" ignored="2" name="Test" tests="2" failures="0" timestamp="12 Jun 2020 09:53:55 GMT" time="0.161" errors="0">
  <testcase name="testWindowsOnly" time="0.053" classname="com.annotations.GroupsOfGroups"/>
  <testcase name="testWindowsToo" time="0.006" classname="com.annotations.GroupsOfGroups"/>
  <testcase name="testLinuxToo" time="0.0" classname="com.annotations.GroupsOfGroups">
    <ignored/>
  </testcase> <!-- testLinuxToo -->
  <testcase name="testLinuxOnly" time="0.0" classname="com.annotations.GroupsOfGroups">
    <ignored/>
  </testcase> <!-- testLinuxOnly -->
</testsuite> <!-- Test -->
