<?xml version="1.0" encoding="UTF-8"?>
<!-- Generated by org.testng.reporters.JUnitXMLReporter -->
<testsuite hostname="DESKTOP-1CT865P" ignored="2" name="Test1" tests="2" failures="0" timestamp="12 Jun 2020 09:59:01 GMT" time="0.119" errors="0">
  <testcase name="testLinuxOnly" time="0.036" classname="com.annotations.GroupsOfGroups"/>
  <testcase name="testWindowsToo" time="0.011" classname="com.annotations.GroupsOfGroups"/>
  <testcase name="testLinuxToo" time="0.0" classname="com.annotations.GroupsOfGroups">
    <ignored/>
  </testcase> <!-- testLinuxToo -->
  <testcase name="testWindowsOnly" time="0.0" classname="com.annotations.GroupsOfGroups">
    <ignored/>
  </testcase> <!-- testWindowsOnly -->
</testsuite> <!-- Test1 -->
