<?xml version="1.0" encoding="UTF-8"?>
<!-- Generated by org.testng.reporters.JUnitXMLReporter -->
<testsuite hostname="DESKTOP-1CT865P" ignored="0" name="Test1" tests="4" failures="0" timestamp="2020-07-05T17:52:01 IST" time="150.608" errors="0">
  <testcase name="getBuses1" time="63.456" classname="com.project_Redbus.testcases.TC_SearchBusG"/>
  <testcase name="getBuses1" time="53.991" classname="com.project_Redbus.testcases.TC_SearchBus"/>
  <testcase name="getBuses1" time="46.057" classname="com.project_Redbus.testcases.TC_SearchBusG"/>
  <testcase name="getBuses1" time="47.0" classname="com.project_Redbus.testcases.TC_SearchBus"/>
</testsuite> <!-- Test1 -->
