<?xml version="1.0" encoding="UTF-8"?>
<testng-results skipped="0" failed="0" ignored="0" total="4" passed="4">
  <reporter-output>
  </reporter-output>
  <suite name="Default suite" duration-ms="53833" started-at="2020-06-16T09:59:23Z" finished-at="2020-06-16T10:00:17Z">
    <groups>
    </groups>
    <test name="Default test" duration-ms="53833" started-at="2020-06-16T09:59:23Z" finished-at="2020-06-16T10:00:17Z">
      <class name="com.project.testcases.CalorieCalculatorEmbeddedTC">
        <test-method status="PASS" signature="launch()[pri:0, instance:com.project.testcases.CalorieCalculatorEmbeddedTC@46d56d67]" name="launch" is-config="true" duration-ms="19825" started-at="2020-06-16T09:59:23Z" finished-at="2020-06-16T09:59:43Z">
          <reporter-output>
          </reporter-output>
        </test-method> <!-- launch -->
        <test-method status="PASS" signature="EnterCalorieDetails(java.util.Hashtable)[pri:0, instance:com.project.testcases.CalorieCalculatorEmbeddedTC@46d56d67]" name="EnterCalorieDetails" duration-ms="7060" started-at="2020-06-16T09:59:45Z" data-provider="CalorieData" finished-at="2020-06-16T09:59:52Z">
          <params>
            <param index="0">
              <value>
                <![CDATA[{height=165, age=45, sex=f, weight=75, activity=1}]]>
              </value>
            </param>
          </params>
          <reporter-output>
          </reporter-output>
        </test-method> <!-- EnterCalorieDetails -->
        <test-method status="PASS" signature="EnterCalorieDetails(java.util.Hashtable)[pri:0, instance:com.project.testcases.CalorieCalculatorEmbeddedTC@46d56d67]" name="EnterCalorieDetails" duration-ms="6551" started-at="2020-06-16T09:59:52Z" data-provider="CalorieData" finished-at="2020-06-16T09:59:58Z">
          <params>
            <param index="0">
              <value>
                <![CDATA[{height=180, age=56, sex=m, weight=62, activity=1.2}]]>
              </value>
            </param>
          </params>
          <reporter-output>
          </reporter-output>
        </test-method> <!-- EnterCalorieDetails -->
        <test-method status="PASS" signature="EnterCalorieDetails(java.util.Hashtable)[pri:0, instance:com.project.testcases.CalorieCalculatorEmbeddedTC@46d56d67]" name="EnterCalorieDetails" duration-ms="5767" started-at="2020-06-16T09:59:58Z" data-provider="CalorieData" finished-at="2020-06-16T10:00:04Z">
          <params>
            <param index="0">
              <value>
                <![CDATA[{height=191, age=21, sex=m, weight=71, activity=1.375}]]>
              </value>
            </param>
          </params>
          <reporter-output>
          </reporter-output>
        </test-method> <!-- EnterCalorieDetails -->
        <test-method status="PASS" signature="EnterCalorieDetails(java.util.Hashtable)[pri:0, instance:com.project.testcases.CalorieCalculatorEmbeddedTC@46d56d67]" name="EnterCalorieDetails" duration-ms="6240" started-at="2020-06-16T10:00:04Z" data-provider="CalorieData" finished-at="2020-06-16T10:00:10Z">
          <params>
            <param index="0">
              <value>
                <![CDATA[{height=169, age=23, sex=f, weight=61, activity=1.55}]]>
              </value>
            </param>
          </params>
          <reporter-output>
          </reporter-output>
        </test-method> <!-- EnterCalorieDetails -->
        <test-method status="PASS" signature="Close()[pri:0, instance:com.project.testcases.CalorieCalculatorEmbeddedTC@46d56d67]" name="Close" is-config="true" duration-ms="6746" started-at="2020-06-16T10:00:10Z" finished-at="2020-06-16T10:00:17Z">
          <reporter-output>
          </reporter-output>
        </test-method> <!-- Close -->
      </class> <!-- com.project.testcases.CalorieCalculatorEmbeddedTC -->
    </test> <!-- Default test -->
  </suite> <!-- Default suite -->
</testng-results>
